<?xml version="1.0" encoding="UTF-8"?>
<!-- Generated by org.testng.reporters.JUnitReportReporter -->
<testsuite hostname="HI" failures="0" tests="1" name="extentReports.SparkReport" time="1.237" errors="0" timestamp="2023-02-14T22:22:35 IST" skipped="0">
  <testcase classname="extentReports.SparkReport" name="action" time="1.237"/>
  <system-out/>
</testsuite> <!-- extentReports.SparkReport -->
